<!DOCTYPE HTML><html><head><title>Behave Test Report</title><meta content="text/html;charset=utf-8" http-equiv="content-type" /><style type="text/css"><!--
@charset "utf-8"; .passed{}.failed{}.error{}.skipped{}.undefined{}.summary{}.failed_scenarios{}.footer{}body{font-size:0;color:white;margin:0;padding:0}.behave,td,th{font:normal 11px "Lucida Grande",Helvetica,sans-serif;background:white;color:black}.behave #behave-header,td #behave-header,th #behave-header{background:#65c400;color:white;height:8em}.behave #behave-header #expand-collapse p,td #behave-header #expand-collapse p,th #behave-header #expand-collapse p{float:right;margin:0 0 0 10px}.behave .scenario h3,td .scenario h3,th .scenario h3,.background h3{font-size:11px;padding:3px;margin:0;background:#65c400;color:white;font-weight:bold}.background h3{font-size:1.2em;background:#666}.behave h1,td h1,th h1{margin:0 10px 0 10px;padding:10px;font-family:"Lucida Grande",Helvetica,sans-serif;font-size:2em;position:absolute}.behave h4,td h4,th h4{margin-bottom:2px}.behave div.feature,td div.feature,th div.feature{padding:2px;margin:0 10px 5px 10px}.behave div.examples,td div.examples,th div.examples{padding:0 0 0 1em}.behave .stats,td .stats,th .stats{margin:2em}.behave .summary ul.features li,td .summary ul.features li,th .summary ul.features li{display:inline}.behave .step_name,td .step_name,th .step_name{float:left}.behave .step_file,td .step_file,th .step_file{text-align:right;color:#999}.behave .step_file a,td .step_file a,th .step_file a{color:#999}.behave .scenario_file,td .scenario_file,th .scenario_file{float:right;color:#999}.behave .step_duration{padding-left:1em}.behave .tag,td .tag,th .tag{font-weight:bold;color:#246ac1}.behave .backtrace,td .backtrace,th .backtrace{margin-top:0;margin-bottom:0;margin-left:1em;color:black}.behave a,td a,th a{color:#be5c00;margin-right:.5em}.behave a:hover,td a:hover,th a:hover{text-decoration:none}.behave a:visited,td a:visited,th a:visited{font-weight:normal}.behave a div.examples,td a div.examples,th a div.examples{margin:5px 0 5px 15px;color:black}.behave .outline table,td .outline table,th .outline table{margin:0 0 5px 10px}.behave table,td table,th table{border-collapse:collapse}.behave table td,td table td,th table td{padding:3px 3px 3px 5px}.behave table td.failed,.behave table td.passed,.behave table td.skipped,.behave table td.pending,.behave table td.undefined,td table td.failed,td table td.passed,td table td.skipped,td table td.pending{padding-left:18px;padding-right:10px}.behave table td.failed,td table td.failed,th table td.failed{border-left:5px solid #c20000;border-bottom:1px solid #c20000;background:#fffbd3;color:#c20000}.behave table td.passed,td table td.passed,th table td.passed{border-left:5px solid #65c400;border-bottom:1px solid #65c400;background:#dbffb4;color:#3d7700}.behave table td.skipped,td table td.skipped,th table td.skipped{border-left:5px solid aqua;border-bottom:1px solid aqua;background:#e0ffff;color:#011}.behave table td.pending,td table td.pending,th table td.pending{border-left:5px solid #faf834;border-bottom:1px solid #faf834;background:#fcfb98;color:#131313}.behave table td.undefined,td table td.undefined,th table td.undefined{border-left:5px solid #faf834;border-bottom:1px solid #faf834;background:#fcfb98;color:#131313}.behave table td.message,td table td.message,th table td.message{border-left:5px solid aqua;border-bottom:1px solid aqua;background:#e0ffff;color:#011}.behave ol,td ol,th ol{list-style:none;margin:0;padding:0}.behave ol li.step,td ol li.step,th ol li.step{padding:3px 3px 3px 18px;margin:5px 0 5px 5px}.behave ol li,td ol li,th ol li{margin:0 0 0 1em;padding:0 0 0 .2em}.behave ol li span.param,td ol li span.param,th ol li span.param{font-weight:bold}.behave ol li.failed,td ol li.failed,th ol li.failed{border-left:5px solid #c20000;border-bottom:1px solid #c20000;background:#fffbd3;color:#c20000}.behave ol li.passed,td ol li.passed,th ol li.passed{border-left:5px solid #65c400;border-bottom:1px solid #65c400;background:#dbffb4;color:#3d7700}.behave ol li.skipped,td ol li.skipped,th ol li.skipped{border-left:5px solid aqua;border-bottom:1px solid aqua;background:#e0ffff;color:#011}.behave ol li.pending,td ol li.pending,th ol li.pending{border-left:5px solid #faf834;border-bottom:1px solid #faf834;background:#fcfb98;color:#131313}.behave ol li.undefined,td ol li.undefined,th ol li.undefined{border-left:5px solid #faf834;border-bottom:1px solid #faf834;background:#fcfb98;color:#131313}.behave ol li.message,td ol li.message,th ol li.message{border-left:5px solid aqua;border-bottom:1px solid aqua;background:#e0ffff;color:#011;margin-left:10px}.behave #summary,td #summary,th #summary{margin:0;padding:5px 10px;text-align:right;top:0;right:0;float:right}.behave #summary p,td #summary p,th #summary p{margin:0 0 0 2px}.behave #summary #totals,td #summary #totals,th #summary #totals{font-size:1.2em}.behave .scenario h3.failed,td .scenario h3.failed,th .scenario h3.failed,.background h3.failed{background:#c20000}.behave #behave-header.failed,td #behave-header.failed,th #behave-header.failed{background:#c20000}.behave .scenario h3.undefined,td .scenario h3.undefined,th .scenario h3.undefined,.background h3.undefined{background:#faf834;color:black}.behave #behave-header.undefined,td #behave-header.undefined,th #behave-header.undefined{background:#faf834;color:black}#behave-header.failed a{color:white}pre{white-space:pre-wrap}
--></style><script type="text/javascript"><!--
function Collapsible_toggle(id){var elem=document.getElementById(id);elem.style.display=(elem.style.display=='none'?'block':'none');return false;};function Collapsible_expandAll(className){var elems=document.getElementsByClassName(className);for(var i=0;i<elems.length;i++){elems[i].style.display='block';}};function Collapsible_collapseAll(className){var elems=document.getElementsByClassName(className);for(var i=0;i<elems.length;i++){elems[i].style.display='none';}};function Collapsible_expandAllFailed(){var elems=document.getElementsByClassName('failed');for(var i=0;i<elems.length;i++){var elem=elems[i];if(elem.nodeName=='H3'){elem.parentElement.getElementsByTagName('ol')[0].style.display='block';}}}
--></script></head><body><div class="behave"><div id="behave-header" class="failed"><div id="label"><h1>Behave Test Report</h1></div><div id="summary"><p id="totals"><p id="feature_totals">Features: failed: 1</p><p id="scenario_totals">Scenarios: failed: 2</p><p id="step_totals">Steps: untested: 1, skipped: 5</p></p><p id="duration">Finished in 44.8 seconds</p><div id="expand-collapse"><a id="expander" href="#" onclick="Collapsible_expandAll('scenario_steps')">Expand All</a><span> | </span><a id="collapser" href="#" onclick="Collapsible_collapseAll('scenario_steps')">Collapse All</a><span> | </span><a id="failed_expander" href="#" onclick="Collapsible_expandAllFailed()">Expand All Failed</a></div></div></div><div class="feature"><h2><span class="val">Feature: Check search functionality</span></h2><pre class="message">"""
Background = daca o sa consider ca un pas este valabil pentru toate scenariile, pentru a economisi cod,
voi putea trece pasul la inceputul unui feature file sub keywword-ul background.
Asta inseamna ca sistemul va sti automat ca va trebui sa ia in considerare acel step pentru toate scenariile
"""</pre><span /></div><div class="background"><h3><span class="val">Background: </span></h3><ol /><span /></div><div class="scenario"><span class="scenario_file">features/ebay_home_page_search.feature:30</span><span class="tag">@homepageSearch, @functionalTesting, @regressionTesting</span><h3 onclick="Collapsible_toggle('scenario_0')" class="failed"><span class="val">Scenario Outline: Searching product on Ebay home page will return at least two results -- @1.1 </span></h3><ol class="scenario_steps" id="scenario_0"><li class="step passed"><div class="step_name"><span class="keyword">Given </span><span class="step val">Home Page: I am on Ebay homepage</span><small class="step_duration">(1.535s)</small></div><div class="step_file"><span>steps/home_page_steps.py:3</span></div><span class="embed" /></li><li class="step failed"><div class="step_name"><span class="keyword">Then </span><span class="step val"><span>Home Page: I have at least "</span><b>2</b><span>" results returned</span></span><small class="step_duration">(10.035s)</small></div><div class="step_file"><span>steps/home_page_steps.py:13</span></div><div class="message"><pre>tag-urile reprezinta o modalitate prin intermediul careia noi putem sa marcam doar anumite teste pentru executie
un scenariu poate sa aiba mai multe tag-uri
tag-ul se adauga prin semnul @ plus un text cu care vrem sa marcam testul respectiv
textul poate sa fie orice, dar se recomanda sa fie sugestiv</pre></div><span class="embed"><a onclick="Collapsible_toggle('embed_1')">Error Message</a><pre id="embed_1" style="display: none">Traceback (most recent call last):
  File "/Library/Frameworks/Python.framework/Versions/3.10/lib/python3.10/site-packages/behave/model.py", line 1329, in run
    match.run(runner.context)
  File "/Library/Frameworks/Python.framework/Versions/3.10/lib/python3.10/site-packages/behave/matchers.py", line 98, in run
    self.func(context, *args, **kwargs)
  File "steps/home_page_steps.py", line 15, in step_impl
    context.home_page_object.check_search_results(number_of_results)
  File "/Users/gradulescu/Desktop/Personal/GIT/automation/Cursuri/Grupe/Automation19/P3_BDD/pages/home_page.py", line 29, in check_search_results
    result = self.driver.find_element(*self.SEARCH_RESULTS).text
  File "/Users/gradulescu/Library/Python/3.10/lib/python/site-packages/selenium/webdriver/remote/webdriver.py", line 856, in find_element
    return self.execute(Command.FIND_ELEMENT, {
  File "/Users/gradulescu/Library/Python/3.10/lib/python/site-packages/selenium/webdriver/remote/webdriver.py", line 429, in execute
    self.error_handler.check_response(response)
  File "/Users/gradulescu/Library/Python/3.10/lib/python/site-packages/selenium/webdriver/remote/errorhandler.py", line 243, in check_response
    raise exception_class(message, screen, stacktrace)
selenium.common.exceptions.NoSuchElementException: Message: no such element: Unable to locate element: {"method":"xpath","selector":"//h1[@class="srp-controls__count-heading"]/span[1]"}
  (Session info: chrome=106.0.5249.119)
Stacktrace:
0   chromedriver                        0x0000000108bfb598 chromedriver + 4404632
1   chromedriver                        0x0000000108b82fa3 chromedriver + 3911587
2   chromedriver                        0x000000010882fe6a chromedriver + 425578
3   chromedriver                        0x0000000108867c91 chromedriver + 654481
4   chromedriver                        0x0000000108867e91 chromedriver + 654993
5   chromedriver                        0x000000010889f274 chromedriver + 881268
6   chromedriver                        0x0000000108885dcd chromedriver + 777677
7   chromedriver                        0x000000010889cf79 chromedriver + 872313
8   chromedriver                        0x0000000108885bd3 chromedriver + 777171
9   chromedriver                        0x000000010885aced chromedriver + 601325
10  chromedriver                        0x000000010885be51 chromedriver + 605777
11  chromedriver                        0x0000000108bcb0ce chromedriver + 4206798
12  chromedriver                        0x0000000108bcf797 chromedriver + 4224919
13  chromedriver                        0x0000000108bd6a4f chromedriver + 4254287
14  chromedriver                        0x0000000108bd04da chromedriver + 4228314
15  chromedriver                        0x0000000108ba923f chromedriver + 4067903
16  chromedriver                        0x0000000108bed6a8 chromedriver + 4347560
17  chromedriver                        0x0000000108bed816 chromedriver + 4347926
18  chromedriver                        0x0000000108c028fe chromedriver + 4434174
19  libsystem_pthread.dylib             0x00007ff813ec14e1 _pthread_start + 125
20  libsystem_pthread.dylib             0x00007ff813ebcf6b thread_start + 15

</pre>    </span></li></ol><span /></div><div class="scenario"><span class="scenario_file">features/ebay_home_page_search.feature:31</span><span class="tag">@homepageSearch, @functionalTesting, @regressionTesting</span><h3 onclick="Collapsible_toggle('scenario_1')" class="failed"><span class="val">Scenario Outline: Searching product on Ebay home page will return at least two results -- @1.2 </span></h3><ol class="scenario_steps" id="scenario_1"><li class="step passed"><div class="step_name"><span class="keyword">Given </span><span class="step val">Home Page: I am on Ebay homepage</span><small class="step_duration">(1.074s)</small></div><div class="step_file"><span>steps/home_page_steps.py:3</span></div><span class="embed" /></li><li class="step failed"><div class="step_name"><span class="keyword">Then </span><span class="step val"><span>Home Page: I have at least "</span><b>2</b><span>" results returned</span></span><small class="step_duration">(10.040s)</small></div><div class="step_file"><span>steps/home_page_steps.py:13</span></div><div class="message"><pre>tag-urile reprezinta o modalitate prin intermediul careia noi putem sa marcam doar anumite teste pentru executie
un scenariu poate sa aiba mai multe tag-uri
tag-ul se adauga prin semnul @ plus un text cu care vrem sa marcam testul respectiv
textul poate sa fie orice, dar se recomanda sa fie sugestiv</pre></div><span class="embed"><a onclick="Collapsible_toggle('embed_2')">Error Message</a><pre id="embed_2" style="display: none">Traceback (most recent call last):
  File "/Library/Frameworks/Python.framework/Versions/3.10/lib/python3.10/site-packages/behave/model.py", line 1329, in run
    match.run(runner.context)
  File "/Library/Frameworks/Python.framework/Versions/3.10/lib/python3.10/site-packages/behave/matchers.py", line 98, in run
    self.func(context, *args, **kwargs)
  File "steps/home_page_steps.py", line 15, in step_impl
    context.home_page_object.check_search_results(number_of_results)
  File "/Users/gradulescu/Desktop/Personal/GIT/automation/Cursuri/Grupe/Automation19/P3_BDD/pages/home_page.py", line 29, in check_search_results
    result = self.driver.find_element(*self.SEARCH_RESULTS).text
  File "/Users/gradulescu/Library/Python/3.10/lib/python/site-packages/selenium/webdriver/remote/webdriver.py", line 856, in find_element
    return self.execute(Command.FIND_ELEMENT, {
  File "/Users/gradulescu/Library/Python/3.10/lib/python/site-packages/selenium/webdriver/remote/webdriver.py", line 429, in execute
    self.error_handler.check_response(response)
  File "/Users/gradulescu/Library/Python/3.10/lib/python/site-packages/selenium/webdriver/remote/errorhandler.py", line 243, in check_response
    raise exception_class(message, screen, stacktrace)
selenium.common.exceptions.NoSuchElementException: Message: no such element: Unable to locate element: {"method":"xpath","selector":"//h1[@class="srp-controls__count-heading"]/span[1]"}
  (Session info: chrome=106.0.5249.119)
Stacktrace:
0   chromedriver                        0x0000000108bfb598 chromedriver + 4404632
1   chromedriver                        0x0000000108b82fa3 chromedriver + 3911587
2   chromedriver                        0x000000010882fe6a chromedriver + 425578
3   chromedriver                        0x0000000108867c91 chromedriver + 654481
4   chromedriver                        0x0000000108867e91 chromedriver + 654993
5   chromedriver                        0x000000010889f274 chromedriver + 881268
6   chromedriver                        0x0000000108885dcd chromedriver + 777677
7   chromedriver                        0x000000010889cf79 chromedriver + 872313
8   chromedriver                        0x0000000108885bd3 chromedriver + 777171
9   chromedriver                        0x000000010885aced chromedriver + 601325
10  chromedriver                        0x000000010885be51 chromedriver + 605777
11  chromedriver                        0x0000000108bcb0ce chromedriver + 4206798
12  chromedriver                        0x0000000108bcf797 chromedriver + 4224919
13  chromedriver                        0x0000000108bd6a4f chromedriver + 4254287
14  chromedriver                        0x0000000108bd04da chromedriver + 4228314
15  chromedriver                        0x0000000108ba923f chromedriver + 4067903
16  chromedriver                        0x0000000108bed6a8 chromedriver + 4347560
17  chromedriver                        0x0000000108bed816 chromedriver + 4347926
18  chromedriver                        0x0000000108c028fe chromedriver + 4434174
19  libsystem_pthread.dylib             0x00007ff813ec14e1 _pthread_start + 125
20  libsystem_pthread.dylib             0x00007ff813ebcf6b thread_start + 15

</pre>    </span></li></ol><span /></div><div class="scenario"><span class="scenario_file">features/ebay_home_page_search.feature:32</span><span class="tag">@homepageSearch, @functionalTesting, @regressionTesting</span><h3 onclick="Collapsible_toggle('scenario_2')" class="failed"><span class="val">Scenario Outline: Searching product on Ebay home page will return at least two results -- @1.3 </span></h3><ol class="scenario_steps" id="scenario_2"><li class="step passed"><div class="step_name"><span class="keyword">Given </span><span class="step val">Home Page: I am on Ebay homepage</span><small class="step_duration">(0.967s)</small></div><div class="step_file"><span>steps/home_page_steps.py:3</span></div><span class="embed" /></li><li class="step failed"><div class="step_name"><span class="keyword">Then </span><span class="step val"><span>Home Page: I have at least "</span><b>2</b><span>" results returned</span></span><small class="step_duration">(10.021s)</small></div><div class="step_file"><span>steps/home_page_steps.py:13</span></div><div class="message"><pre>tag-urile reprezinta o modalitate prin intermediul careia noi putem sa marcam doar anumite teste pentru executie
un scenariu poate sa aiba mai multe tag-uri
tag-ul se adauga prin semnul @ plus un text cu care vrem sa marcam testul respectiv
textul poate sa fie orice, dar se recomanda sa fie sugestiv</pre></div><span class="embed"><a onclick="Collapsible_toggle('embed_3')">Error Message</a><pre id="embed_3" style="display: none">Traceback (most recent call last):
  File "/Library/Frameworks/Python.framework/Versions/3.10/lib/python3.10/site-packages/behave/model.py", line 1329, in run
    match.run(runner.context)
  File "/Library/Frameworks/Python.framework/Versions/3.10/lib/python3.10/site-packages/behave/matchers.py", line 98, in run
    self.func(context, *args, **kwargs)
  File "steps/home_page_steps.py", line 15, in step_impl
    context.home_page_object.check_search_results(number_of_results)
  File "/Users/gradulescu/Desktop/Personal/GIT/automation/Cursuri/Grupe/Automation19/P3_BDD/pages/home_page.py", line 29, in check_search_results
    result = self.driver.find_element(*self.SEARCH_RESULTS).text
  File "/Users/gradulescu/Library/Python/3.10/lib/python/site-packages/selenium/webdriver/remote/webdriver.py", line 856, in find_element
    return self.execute(Command.FIND_ELEMENT, {
  File "/Users/gradulescu/Library/Python/3.10/lib/python/site-packages/selenium/webdriver/remote/webdriver.py", line 429, in execute
    self.error_handler.check_response(response)
  File "/Users/gradulescu/Library/Python/3.10/lib/python/site-packages/selenium/webdriver/remote/errorhandler.py", line 243, in check_response
    raise exception_class(message, screen, stacktrace)
selenium.common.exceptions.NoSuchElementException: Message: no such element: Unable to locate element: {"method":"xpath","selector":"//h1[@class="srp-controls__count-heading"]/span[1]"}
  (Session info: chrome=106.0.5249.119)
Stacktrace:
0   chromedriver                        0x0000000108bfb598 chromedriver + 4404632
1   chromedriver                        0x0000000108b82fa3 chromedriver + 3911587
2   chromedriver                        0x000000010882fe6a chromedriver + 425578
3   chromedriver                        0x0000000108867c91 chromedriver + 654481
4   chromedriver                        0x0000000108867e91 chromedriver + 654993
5   chromedriver                        0x000000010889f274 chromedriver + 881268
6   chromedriver                        0x0000000108885dcd chromedriver + 777677
7   chromedriver                        0x000000010889cf79 chromedriver + 872313
8   chromedriver                        0x0000000108885bd3 chromedriver + 777171
9   chromedriver                        0x000000010885aced chromedriver + 601325
10  chromedriver                        0x000000010885be51 chromedriver + 605777
11  chromedriver                        0x0000000108bcb0ce chromedriver + 4206798
12  chromedriver                        0x0000000108bcf797 chromedriver + 4224919
13  chromedriver                        0x0000000108bd6a4f chromedriver + 4254287
14  chromedriver                        0x0000000108bd04da chromedriver + 4228314
15  chromedriver                        0x0000000108ba923f chromedriver + 4067903
16  chromedriver                        0x0000000108bed6a8 chromedriver + 4347560
17  chromedriver                        0x0000000108bed816 chromedriver + 4347926
18  chromedriver                        0x0000000108c028fe chromedriver + 4434174
19  libsystem_pthread.dylib             0x00007ff813ec14e1 _pthread_start + 125
20  libsystem_pthread.dylib             0x00007ff813ebcf6b thread_start + 15

</pre>    </span></li></ol><span /></div><div class="scenario"><span class="scenario_file">features/ebay_home_page_search.feature:35</span><span class="tag">@advancedSearchFeature, @functionalTesting</span><h3 onclick="Collapsible_toggle('scenario_3')" class="failed"><span class="val">Scenario: Searching products on Ebay Advanced search page will return at least two results</span></h3><ol class="scenario_steps" id="scenario_3"><li class="step passed"><div class="step_name"><span class="keyword">Given </span><span class="step val">Home Page: I am on Ebay homepage</span><small class="step_duration">(1.036s)</small></div><div class="step_file"><span>steps/home_page_steps.py:3</span></div><span class="embed" /></li><li class="step failed"><div class="step_name"><span class="keyword">Then </span><span class="step val"><span>Home Page: I have at least "</span><b>2</b><span>" results returned</span></span><small class="step_duration">(10.045s)</small></div><div class="step_file"><span>steps/home_page_steps.py:13</span></div><div class="message"><pre>tag-urile reprezinta o modalitate prin intermediul careia noi putem sa marcam doar anumite teste pentru executie
un scenariu poate sa aiba mai multe tag-uri
tag-ul se adauga prin semnul @ plus un text cu care vrem sa marcam testul respectiv
textul poate sa fie orice, dar se recomanda sa fie sugestiv</pre></div><span class="embed"><a onclick="Collapsible_toggle('embed_4')">Error Message</a><pre id="embed_4" style="display: none">Traceback (most recent call last):
  File "/Library/Frameworks/Python.framework/Versions/3.10/lib/python3.10/site-packages/behave/model.py", line 1329, in run
    match.run(runner.context)
  File "/Library/Frameworks/Python.framework/Versions/3.10/lib/python3.10/site-packages/behave/matchers.py", line 98, in run
    self.func(context, *args, **kwargs)
  File "steps/home_page_steps.py", line 15, in step_impl
    context.home_page_object.check_search_results(number_of_results)
  File "/Users/gradulescu/Desktop/Personal/GIT/automation/Cursuri/Grupe/Automation19/P3_BDD/pages/home_page.py", line 29, in check_search_results
    result = self.driver.find_element(*self.SEARCH_RESULTS).text
  File "/Users/gradulescu/Library/Python/3.10/lib/python/site-packages/selenium/webdriver/remote/webdriver.py", line 856, in find_element
    return self.execute(Command.FIND_ELEMENT, {
  File "/Users/gradulescu/Library/Python/3.10/lib/python/site-packages/selenium/webdriver/remote/webdriver.py", line 429, in execute
    self.error_handler.check_response(response)
  File "/Users/gradulescu/Library/Python/3.10/lib/python/site-packages/selenium/webdriver/remote/errorhandler.py", line 243, in check_response
    raise exception_class(message, screen, stacktrace)
selenium.common.exceptions.NoSuchElementException: Message: no such element: Unable to locate element: {"method":"xpath","selector":"//h1[@class="srp-controls__count-heading"]/span[1]"}
  (Session info: chrome=106.0.5249.119)
Stacktrace:
0   chromedriver                        0x0000000108bfb598 chromedriver + 4404632
1   chromedriver                        0x0000000108b82fa3 chromedriver + 3911587
2   chromedriver                        0x000000010882fe6a chromedriver + 425578
3   chromedriver                        0x0000000108867c91 chromedriver + 654481
4   chromedriver                        0x0000000108867e91 chromedriver + 654993
5   chromedriver                        0x000000010889f274 chromedriver + 881268
6   chromedriver                        0x0000000108885dcd chromedriver + 777677
7   chromedriver                        0x000000010889cf79 chromedriver + 872313
8   chromedriver                        0x0000000108885bd3 chromedriver + 777171
9   chromedriver                        0x000000010885aced chromedriver + 601325
10  chromedriver                        0x000000010885be51 chromedriver + 605777
11  chromedriver                        0x0000000108bcb0ce chromedriver + 4206798
12  chromedriver                        0x0000000108bcf797 chromedriver + 4224919
13  chromedriver                        0x0000000108bd6a4f chromedriver + 4254287
14  chromedriver                        0x0000000108bd04da chromedriver + 4228314
15  chromedriver                        0x0000000108ba923f chromedriver + 4067903
16  chromedriver                        0x0000000108bed6a8 chromedriver + 4347560
17  chromedriver                        0x0000000108bed816 chromedriver + 4347926
18  chromedriver                        0x0000000108c028fe chromedriver + 4434174
19  libsystem_pthread.dylib             0x00007ff813ec14e1 _pthread_start + 125
20  libsystem_pthread.dylib             0x00007ff813ebcf6b thread_start + 15

</pre>    </span></li></ol><span /></div></div></body></html>